{"/app/project-management-system/server/src/routes/projectRoutes.ts": {"path":"/app/project-management-system/server/src/routes/projectRoutes.ts","statementMap":{"0":{"start":{"line":1,"column":0},"end":{"line":1,"column":30}},"1":{"start":{"line":3,"column":15},"end":{"line":3,"column":31}},"2":{"start":{"line":19,"column":28},"end":{"line":19,"column":30}},"3":{"start":{"line":22,"column":0},"end":{"line":24,"column":3}},"4":{"start":{"line":23,"column":2},"end":{"line":23,"column":23}},"5":{"start":{"line":27,"column":0},"end":{"line":44,"column":3}},"6":{"start":{"line":28,"column":85},"end":{"line":28,"column":93}},"7":{"start":{"line":29,"column":2},"end":{"line":31,"column":3}},"8":{"start":{"line":30,"column":4},"end":{"line":30,"column":73}},"9":{"start":{"line":32,"column":30},"end":{"line":41,"column":4}},"10":{"start":{"line":42,"column":2},"end":{"line":42,"column":30}},"11":{"start":{"line":43,"column":2},"end":{"line":43,"column":35}},"12":{"start":{"line":47,"column":0},"end":{"line":53,"column":3}},"13":{"start":{"line":48,"column":18},"end":{"line":48,"column":62}},"14":{"start":{"line":48,"column":39},"end":{"line":48,"column":61}},"15":{"start":{"line":49,"column":2},"end":{"line":51,"column":3}},"16":{"start":{"line":50,"column":4},"end":{"line":50,"column":66}},"17":{"start":{"line":52,"column":2},"end":{"line":52,"column":20}},"18":{"start":{"line":56,"column":0},"end":{"line":84,"column":3}},"19":{"start":{"line":57,"column":20},"end":{"line":57,"column":33}},"20":{"start":{"line":58,"column":23},"end":{"line":58,"column":68}},"21":{"start":{"line":58,"column":49},"end":{"line":58,"column":67}},"22":{"start":{"line":59,"column":2},"end":{"line":61,"column":3}},"23":{"start":{"line":60,"column":4},"end":{"line":60,"column":66}},"24":{"start":{"line":62,"column":26},"end":{"line":62,"column":50}},"25":{"start":{"line":63,"column":85},"end":{"line":63,"column":93}},"26":{"start":{"line":66,"column":22},"end":{"line":74,"column":null}},"27":{"start":{"line":78,"column":2},"end":{"line":80,"column":3}},"28":{"start":{"line":79,"column":5},"end":{"line":79,"column":109}},"29":{"start":{"line":82,"column":2},"end":{"line":82,"column":44}},"30":{"start":{"line":83,"column":2},"end":{"line":83,"column":27}},"31":{"start":{"line":87,"column":0},"end":{"line":95,"column":3}},"32":{"start":{"line":88,"column":20},"end":{"line":88,"column":33}},"33":{"start":{"line":89,"column":24},"end":{"line":89,"column":41}},"34":{"start":{"line":90,"column":2},"end":{"line":90,"column":58}},"35":{"start":{"line":90,"column":38},"end":{"line":90,"column":56}},"36":{"start":{"line":91,"column":2},"end":{"line":93,"column":3}},"37":{"start":{"line":92,"column":4},"end":{"line":92,"column":66}},"38":{"start":{"line":94,"column":2},"end":{"line":94,"column":25}},"39":{"start":{"line":97,"column":0},"end":{"line":97,"column":22}}},"fnMap":{"0":{"name":"(anonymous_1)","decl":{"start":{"line":22,"column":16},"end":{"line":22,"column":17}},"loc":{"start":{"line":22,"column":29},"end":{"line":24,"column":1}}},"1":{"name":"(anonymous_2)","decl":{"start":{"line":27,"column":17},"end":{"line":27,"column":18}},"loc":{"start":{"line":27,"column":30},"end":{"line":44,"column":1}}},"2":{"name":"(anonymous_3)","decl":{"start":{"line":47,"column":19},"end":{"line":47,"column":20}},"loc":{"start":{"line":47,"column":32},"end":{"line":53,"column":1}}},"3":{"name":"(anonymous_4)","decl":{"start":{"line":48,"column":34},"end":{"line":48,"column":35}},"loc":{"start":{"line":48,"column":39},"end":{"line":48,"column":61}}},"4":{"name":"(anonymous_5)","decl":{"start":{"line":56,"column":19},"end":{"line":56,"column":20}},"loc":{"start":{"line":56,"column":32},"end":{"line":84,"column":1}}},"5":{"name":"(anonymous_6)","decl":{"start":{"line":58,"column":44},"end":{"line":58,"column":45}},"loc":{"start":{"line":58,"column":49},"end":{"line":58,"column":67}}},"6":{"name":"(anonymous_7)","decl":{"start":{"line":87,"column":22},"end":{"line":87,"column":23}},"loc":{"start":{"line":87,"column":35},"end":{"line":95,"column":1}}},"7":{"name":"(anonymous_8)","decl":{"start":{"line":90,"column":33},"end":{"line":90,"column":34}},"loc":{"start":{"line":90,"column":38},"end":{"line":90,"column":56}}}},"branchMap":{"0":{"loc":{"start":{"line":29,"column":2},"end":{"line":31,"column":3}},"type":"if","locations":[{"start":{"line":29,"column":2},"end":{"line":31,"column":3}}]},"1":{"loc":{"start":{"line":36,"column":15},"end":{"line":36,"column":58}},"type":"cond-expr","locations":[{"start":{"line":36,"column":27},"end":{"line":36,"column":46}},{"start":{"line":36,"column":49},"end":{"line":36,"column":58}}]},"2":{"loc":{"start":{"line":37,"column":13},"end":{"line":37,"column":52}},"type":"cond-expr","locations":[{"start":{"line":37,"column":23},"end":{"line":37,"column":40}},{"start":{"line":37,"column":43},"end":{"line":37,"column":52}}]},"3":{"loc":{"start":{"line":49,"column":2},"end":{"line":51,"column":3}},"type":"if","locations":[{"start":{"line":49,"column":2},"end":{"line":51,"column":3}}]},"4":{"loc":{"start":{"line":59,"column":2},"end":{"line":61,"column":3}},"type":"if","locations":[{"start":{"line":59,"column":2},"end":{"line":61,"column":3}}]},"5":{"loc":{"start":{"line":68,"column":10},"end":{"line":68,"column":58}},"type":"cond-expr","locations":[{"start":{"line":68,"column":31},"end":{"line":68,"column":35}},{"start":{"line":68,"column":38},"end":{"line":68,"column":58}}]},"6":{"loc":{"start":{"line":69,"column":17},"end":{"line":69,"column":86}},"type":"cond-expr","locations":[{"start":{"line":69,"column":45},"end":{"line":69,"column":56}},{"start":{"line":69,"column":59},"end":{"line":69,"column":86}}]},"7":{"loc":{"start":{"line":70,"column":15},"end":{"line":70,"column":74}},"type":"cond-expr","locations":[{"start":{"line":70,"column":27},"end":{"line":70,"column":46}},{"start":{"line":70,"column":49},"end":{"line":70,"column":74}}]},"8":{"loc":{"start":{"line":71,"column":13},"end":{"line":71,"column":66}},"type":"cond-expr","locations":[{"start":{"line":71,"column":23},"end":{"line":71,"column":40}},{"start":{"line":71,"column":43},"end":{"line":71,"column":66}}]},"9":{"loc":{"start":{"line":72,"column":11},"end":{"line":72,"column":62}},"type":"cond-expr","locations":[{"start":{"line":72,"column":33},"end":{"line":72,"column":38}},{"start":{"line":72,"column":41},"end":{"line":72,"column":62}}]},"10":{"loc":{"start":{"line":73,"column":16},"end":{"line":73,"column":82}},"type":"cond-expr","locations":[{"start":{"line":73,"column":43},"end":{"line":73,"column":53}},{"start":{"line":73,"column":56},"end":{"line":73,"column":82}}]},"11":{"loc":{"start":{"line":74,"column":18},"end":{"line":74,"column":90}},"type":"cond-expr","locations":[{"start":{"line":74,"column":47},"end":{"line":74,"column":59}},{"start":{"line":74,"column":62},"end":{"line":74,"column":90}}]},"12":{"loc":{"start":{"line":78,"column":2},"end":{"line":80,"column":3}},"type":"if","locations":[{"start":{"line":78,"column":2},"end":{"line":80,"column":3}}]},"13":{"loc":{"start":{"line":78,"column":6},"end":{"line":78,"column":69}},"type":"binary-expr","locations":[{"start":{"line":78,"column":6},"end":{"line":78,"column":39}},{"start":{"line":78,"column":43},"end":{"line":78,"column":69}}]},"14":{"loc":{"start":{"line":91,"column":2},"end":{"line":93,"column":3}},"type":"if","locations":[{"start":{"line":91,"column":2},"end":{"line":93,"column":3}}]}},"s":{"0":1,"1":1,"2":1,"3":1,"4":1,"5":1,"6":3,"7":3,"8":1,"9":2,"10":2,"11":2,"12":1,"13":2,"14":3,"15":2,"16":1,"17":1,"18":1,"19":1,"20":1,"21":1,"22":1,"23":1,"24":0,"25":0,"26":0,"27":0,"28":0,"29":0,"30":0,"31":1,"32":1,"33":1,"34":1,"35":1,"36":1,"37":1,"38":0,"39":1},"f":{"0":1,"1":3,"2":2,"3":3,"4":1,"5":1,"6":1,"7":1},"b":{"0":[1],"1":[1,1],"2":[1,1],"3":[1],"4":[1],"5":[0,0],"6":[0,0],"7":[0,0],"8":[0,0],"9":[0,0],"10":[0,0],"11":[0,0],"12":[0],"13":[0,0],"14":[1]}}
}
